<?xml version="1.0" encoding="UTF-8"?>
<!-- Generated by org.testng.reporters.JUnitReportReporter -->
<testsuite hostname="LAPTOP-VRF7QEJL" failures="0" tests="1" name="sample.Demo" time="0.009" errors="0" timestamp="2025-03-28T15:14:39 IST" skipped="0">
  <testcase classname="sample.Demo" name="method" time="0.009"/>
</testsuite> <!-- sample.Demo -->
